<?xml version="1.0" encoding="UTF-8" standalone="no"?>
<!DOCTYPE log SYSTEM "logger.dtd">
<log>
<record>
  <date>2018-05-25T19:00:37</date>
  <millis>1527271237187</millis>
  <sequence>0</sequence>
  <logger>org.uma.jmetal.util.JMetalLogger</logger>
  <level>INFO</level>
  <class>org.uma.jmetal.util.JMetalLogger</class>
  <method>configureLoggers</method>
  <thread>10</thread>
  <message>Loggers configured with null</message>
</record>
<record>
  <date>2018-05-25T19:00:37</date>
  <millis>1527271237219</millis>
  <sequence>1</sequence>
  <logger>org.uma.jmetal.util.JMetalLogger</logger>
  <level>INFO</level>
  <class>org.uma.jmetal.util.experiment.component.ExecuteAlgorithms</class>
  <method>run</method>
  <thread>10</thread>
  <message>ExecuteAlgorithms: Preparing output directory</message>
</record>
<record>
  <date>2018-05-25T19:00:37</date>
  <millis>1527271237225</millis>
  <sequence>2</sequence>
  <logger>org.uma.jmetal.util.JMetalLogger</logger>
  <level>INFO</level>
  <class>org.uma.jmetal.util.experiment.util.ExperimentAlgorithm</class>
  <method>runAlgorithm</method>
  <thread>10</thread>
  <message> Running algorithm: NSGAII, problem: antiSpamTest, run: 0, funFile: experimentBaseDirectory/antiSpamTest/data/NSGAII/antiSpamTest/FUN0.tsv</message>
</record>
